c:\users\hiroya\desktop\team\hosihime\hosihime\debug\vc120.pdb
c:\users\hiroya\desktop\team\hosihime\hosihime\debug\vc120.idb
c:\users\hiroya\desktop\team\hosihime\hosihime\debug\ending.obj
c:\users\hiroya\desktop\team\hosihime\hosihime\debug\game.obj
c:\users\hiroya\desktop\team\hosihime\hosihime\debug\gameplay.obj
c:\users\hiroya\desktop\team\hosihime\hosihime\debug\load.obj
c:\users\hiroya\desktop\team\hosihime\hosihime\debug\main..obj
c:\users\hiroya\desktop\team\hosihime\hosihime\debug\point.obj
c:\users\hiroya\desktop\team\hosihime\hosihime\debug\renderer.obj
c:\users\hiroya\desktop\team\hosihime\hosihime\debug\scenemanager.obj
c:\users\hiroya\desktop\team\hosihime\hosihime\debug\sound.obj
c:\users\hiroya\desktop\team\hosihime\hosihime\debug\timer.obj
c:\users\hiroya\desktop\team\hosihime\hosihime\debug\title.obj
c:\users\hiroya\desktop\team\hosihime\debug\hosihime.ilk
c:\users\hiroya\desktop\team\hosihime\debug\hosihime.exe
c:\users\hiroya\desktop\team\hosihime\debug\hosihime.pdb
c:\users\hiroya\desktop\team\hosihime\hosihime\debug\hosihime.tlog\cl.command.1.tlog
c:\users\hiroya\desktop\team\hosihime\hosihime\debug\hosihime.tlog\cl.read.1.tlog
c:\users\hiroya\desktop\team\hosihime\hosihime\debug\hosihime.tlog\cl.write.1.tlog
c:\users\hiroya\desktop\team\hosihime\hosihime\debug\hosihime.tlog\link.command.1.tlog
c:\users\hiroya\desktop\team\hosihime\hosihime\debug\hosihime.tlog\link.read.1.tlog
c:\users\hiroya\desktop\team\hosihime\hosihime\debug\hosihime.tlog\link.write.1.tlog
